<?xml version="1.0" encoding="UTF-8"?>
<coverage generated="1622587131047" clover="3.2.0">
  <project timestamp="1622587131048" name="All files">
    <metrics statements="157" coveredstatements="30" conditionals="57" coveredconditionals="16" methods="28" coveredmethods="9" elements="242" coveredelements="55" complexity="0" loc="157" ncloc="157" packages="2" files="7" classes="7"/>
    <package name="src">
      <metrics statements="135" coveredstatements="8" conditionals="47" coveredconditionals="6" methods="22" coveredmethods="3"/>
      <file name="dataStore.ts" path="/home/dbartlett/projects/GlitchyLabs/Elite Dangerous/EDDC/src/dataStore.ts">
        <metrics statements="8" coveredstatements="8" conditionals="6" coveredconditionals="6" methods="3" coveredmethods="3"/>
        <line num="1" count="2" type="stmt"/>
        <line num="3" count="6" type="stmt"/>
        <line num="7" count="4" type="cond" truecount="2" falsecount="0"/>
        <line num="8" count="3" type="stmt"/>
        <line num="11" count="5" type="cond" truecount="2" falsecount="0"/>
        <line num="12" count="4" type="cond" truecount="2" falsecount="0"/>
        <line num="13" count="3" type="stmt"/>
        <line num="14" count="3" type="stmt"/>
      </file>
      <file name="discordClient.ts" path="/home/dbartlett/projects/GlitchyLabs/Elite Dangerous/EDDC/src/discordClient.ts">
        <metrics statements="40" coveredstatements="0" conditionals="13" coveredconditionals="0" methods="5" coveredmethods="0"/>
        <line num="1" count="0" type="stmt"/>
        <line num="7" count="0" type="stmt"/>
        <line num="12" count="0" type="stmt"/>
        <line num="13" count="0" type="stmt"/>
        <line num="15" count="0" type="stmt"/>
        <line num="16" count="0" type="stmt"/>
        <line num="19" count="0" type="stmt"/>
        <line num="20" count="0" type="cond" truecount="0" falsecount="2"/>
        <line num="21" count="0" type="stmt"/>
        <line num="22" count="0" type="stmt"/>
        <line num="24" count="0" type="stmt"/>
        <line num="25" count="0" type="cond" truecount="0" falsecount="2"/>
        <line num="26" count="0" type="stmt"/>
        <line num="28" count="0" type="stmt"/>
        <line num="32" count="0" type="cond" truecount="0" falsecount="2"/>
        <line num="33" count="0" type="cond" truecount="0" falsecount="2"/>
        <line num="34" count="0" type="stmt"/>
        <line num="39" count="0" type="stmt"/>
        <line num="43" count="0" type="stmt"/>
        <line num="44" count="0" type="stmt"/>
        <line num="46" count="0" type="stmt"/>
        <line num="47" count="0" type="stmt"/>
        <line num="48" count="0" type="stmt"/>
        <line num="49" count="0" type="stmt"/>
        <line num="50" count="0" type="stmt"/>
        <line num="51" count="0" type="stmt"/>
        <line num="54" count="0" type="stmt"/>
        <line num="55" count="0" type="stmt"/>
        <line num="56" count="0" type="stmt"/>
        <line num="57" count="0" type="stmt"/>
        <line num="58" count="0" type="stmt"/>
        <line num="59" count="0" type="stmt"/>
        <line num="62" count="0" type="stmt"/>
        <line num="63" count="0" type="stmt"/>
        <line num="64" count="0" type="stmt"/>
        <line num="65" count="0" type="stmt"/>
        <line num="66" count="0" type="stmt"/>
        <line num="69" count="0" type="stmt"/>
        <line num="73" count="0" type="stmt"/>
        <line num="74" count="0" type="stmt"/>
      </file>
      <file name="index.ts" path="/home/dbartlett/projects/GlitchyLabs/Elite Dangerous/EDDC/src/index.ts">
        <metrics statements="20" coveredstatements="0" conditionals="4" coveredconditionals="0" methods="1" coveredmethods="0"/>
        <line num="1" count="0" type="stmt"/>
        <line num="2" count="0" type="stmt"/>
        <line num="3" count="0" type="stmt"/>
        <line num="5" count="0" type="stmt"/>
        <line num="9" count="0" type="stmt"/>
        <line num="13" count="0" type="stmt"/>
        <line num="14" count="0" type="stmt"/>
        <line num="15" count="0" type="stmt"/>
        <line num="16" count="0" type="stmt"/>
        <line num="18" count="0" type="stmt"/>
        <line num="19" count="0" type="stmt"/>
        <line num="20" count="0" type="stmt"/>
        <line num="23" count="0" type="stmt"/>
        <line num="24" count="0" type="stmt"/>
        <line num="25" count="0" type="stmt"/>
        <line num="26" count="0" type="stmt"/>
        <line num="30" count="0" type="stmt"/>
        <line num="31" count="0" type="stmt"/>
        <line num="32" count="0" type="stmt"/>
        <line num="33" count="0" type="stmt"/>
      </file>
      <file name="socketClientModel.ts" path="/home/dbartlett/projects/GlitchyLabs/Elite Dangerous/EDDC/src/socketClientModel.ts">
        <metrics statements="37" coveredstatements="0" conditionals="14" coveredconditionals="0" methods="5" coveredmethods="0"/>
        <line num="1" count="0" type="stmt"/>
        <line num="4" count="0" type="stmt"/>
        <line num="5" count="0" type="stmt"/>
        <line num="11" count="0" type="stmt"/>
        <line num="18" count="0" type="stmt"/>
        <line num="19" count="0" type="stmt"/>
        <line num="20" count="0" type="stmt"/>
        <line num="21" count="0" type="stmt"/>
        <line num="22" count="0" type="stmt"/>
        <line num="23" count="0" type="stmt"/>
        <line num="26" count="0" type="stmt"/>
        <line num="27" count="0" type="stmt"/>
        <line num="28" count="0" type="stmt"/>
        <line num="29" count="0" type="cond" truecount="0" falsecount="2"/>
        <line num="30" count="0" type="cond" truecount="0" falsecount="2"/>
        <line num="31" count="0" type="stmt"/>
        <line num="33" count="0" type="stmt"/>
        <line num="34" count="0" type="stmt"/>
        <line num="38" count="0" type="stmt"/>
        <line num="41" count="0" type="stmt"/>
        <line num="44" count="0" type="stmt"/>
        <line num="45" count="0" type="stmt"/>
        <line num="46" count="0" type="stmt"/>
        <line num="48" count="0" type="stmt"/>
        <line num="49" count="0" type="stmt"/>
        <line num="52" count="0" type="cond" truecount="0" falsecount="2"/>
        <line num="53" count="0" type="stmt"/>
        <line num="55" count="0" type="stmt"/>
        <line num="60" count="0" type="stmt"/>
        <line num="63" count="0" type="cond" truecount="0" falsecount="2"/>
        <line num="64" count="0" type="stmt"/>
        <line num="66" count="0" type="stmt"/>
        <line num="69" count="0" type="cond" truecount="0" falsecount="2"/>
        <line num="70" count="0" type="stmt"/>
        <line num="71" count="0" type="stmt"/>
        <line num="72" count="0" type="stmt"/>
        <line num="74" count="0" type="stmt"/>
      </file>
      <file name="socketServer.ts" path="/home/dbartlett/projects/GlitchyLabs/Elite Dangerous/EDDC/src/socketServer.ts">
        <metrics statements="30" coveredstatements="0" conditionals="10" coveredconditionals="0" methods="8" coveredmethods="0"/>
        <line num="1" count="0" type="stmt"/>
        <line num="2" count="0" type="stmt"/>
        <line num="3" count="0" type="stmt"/>
        <line num="4" count="0" type="stmt"/>
        <line num="11" count="0" type="stmt"/>
        <line num="12" count="0" type="stmt"/>
        <line num="17" count="0" type="stmt"/>
        <line num="18" count="0" type="stmt"/>
        <line num="22" count="0" type="stmt"/>
        <line num="23" count="0" type="stmt"/>
        <line num="24" count="0" type="stmt"/>
        <line num="25" count="0" type="stmt"/>
        <line num="26" count="0" type="stmt"/>
        <line num="27" count="0" type="stmt"/>
        <line num="28" count="0" type="stmt"/>
        <line num="30" count="0" type="stmt"/>
        <line num="31" count="0" type="cond" truecount="0" falsecount="2"/>
        <line num="32" count="0" type="stmt"/>
        <line num="34" count="0" type="stmt"/>
        <line num="36" count="0" type="stmt"/>
        <line num="37" count="0" type="stmt"/>
        <line num="41" count="0" type="stmt"/>
        <line num="42" count="0" type="stmt"/>
        <line num="46" count="0" type="stmt"/>
        <line num="47" count="0" type="stmt"/>
        <line num="48" count="0" type="cond" truecount="0" falsecount="2"/>
        <line num="49" count="0" type="stmt"/>
        <line num="50" count="0" type="stmt"/>
        <line num="52" count="0" type="stmt"/>
        <line num="53" count="0" type="stmt"/>
      </file>
    </package>
    <package name="src.utils">
      <metrics statements="22" coveredstatements="22" conditionals="10" coveredconditionals="10" methods="6" coveredmethods="6"/>
      <file name="auth.ts" path="/home/dbartlett/projects/GlitchyLabs/Elite Dangerous/EDDC/src/utils/auth.ts">
        <metrics statements="14" coveredstatements="14" conditionals="6" coveredconditionals="6" methods="5" coveredmethods="5"/>
        <line num="1" count="1" type="stmt"/>
        <line num="2" count="1" type="stmt"/>
        <line num="4" count="1" type="stmt"/>
        <line num="5" count="1" type="stmt"/>
        <line num="7" count="1" type="stmt"/>
        <line num="9" count="4" type="cond" truecount="4" falsecount="0"/>
        <line num="10" count="2" type="stmt"/>
        <line num="12" count="2" type="stmt"/>
        <line num="13" count="2" type="stmt"/>
        <line num="17" count="2" type="stmt"/>
        <line num="20" count="3" type="cond" truecount="2" falsecount="0"/>
        <line num="21" count="2" type="stmt"/>
        <line num="22" count="2" type="stmt"/>
        <line num="24" count="1" type="stmt"/>
      </file>
      <file name="logger.ts" path="/home/dbartlett/projects/GlitchyLabs/Elite Dangerous/EDDC/src/utils/logger.ts">
        <metrics statements="8" coveredstatements="8" conditionals="4" coveredconditionals="4" methods="1" coveredmethods="1"/>
        <line num="1" count="4" type="stmt"/>
        <line num="3" count="4" type="stmt"/>
        <line num="5" count="4" type="stmt"/>
        <line num="9" count="1" type="stmt"/>
        <line num="12" count="4" type="cond" truecount="2" falsecount="0"/>
        <line num="13" count="2" type="stmt"/>
        <line num="18" count="2" type="stmt"/>
        <line num="24" count="4" type="stmt"/>
      </file>
    </package>
  </project>
</coverage>
