{"/home/dbartlett/projects/GlitchyLabs/Elite Dangerous/EDDC/src/dataStore.ts": {"path":"/home/dbartlett/projects/GlitchyLabs/Elite Dangerous/EDDC/src/dataStore.ts","statementMap":{"0":{"start":{"line":3,"column":4},"end":{"line":3,"column":12}},"1":{"start":{"line":7,"column":4},"end":{"line":7,"column":70}},"2":{"start":{"line":7,"column":16},"end":{"line":7,"column":70}},"3":{"start":{"line":8,"column":4},"end":{"line":8,"column":null}},"4":{"start":{"line":11,"column":4},"end":{"line":11,"column":70}},"5":{"start":{"line":11,"column":16},"end":{"line":11,"column":70}},"6":{"start":{"line":12,"column":4},"end":{"line":12,"column":72}},"7":{"start":{"line":12,"column":16},"end":{"line":12,"column":72}},"8":{"start":{"line":13,"column":4},"end":{"line":13,"column":26}},"9":{"start":{"line":14,"column":4},"end":{"line":14,"column":16}},"10":{"start":{"line":1,"column":0},"end":{"line":1,"column":13}}},"fnMap":{"0":{"name":"(anonymous_0)","decl":{"start":{"line":2,"column":2},"end":{"line":2,"column":null}},"loc":{"start":{"line":2,"column":2},"end":{"line":4,"column":3}}},"1":{"name":"(anonymous_1)","decl":{"start":{"line":6,"column":2},"end":{"line":6,"column":5}},"loc":{"start":{"line":6,"column":9},"end":{"line":9,"column":3}}},"2":{"name":"(anonymous_2)","decl":{"start":{"line":10,"column":2},"end":{"line":10,"column":5}},"loc":{"start":{"line":10,"column":16},"end":{"line":15,"column":3}}}},"branchMap":{"0":{"loc":{"start":{"line":7,"column":4},"end":{"line":7,"column":70}},"type":"if","locations":[{"start":{"line":7,"column":4},"end":{"line":7,"column":70}},{"start":{"line":7,"column":4},"end":{"line":7,"column":70}}]},"1":{"loc":{"start":{"line":11,"column":4},"end":{"line":11,"column":70}},"type":"if","locations":[{"start":{"line":11,"column":4},"end":{"line":11,"column":70}},{"start":{"line":11,"column":4},"end":{"line":11,"column":70}}]},"2":{"loc":{"start":{"line":12,"column":4},"end":{"line":12,"column":72}},"type":"if","locations":[{"start":{"line":12,"column":4},"end":{"line":12,"column":72}},{"start":{"line":12,"column":4},"end":{"line":12,"column":72}}]}},"s":{"0":6,"1":4,"2":1,"3":3,"4":5,"5":1,"6":4,"7":1,"8":3,"9":3,"10":2},"f":{"0":6,"1":4,"2":5},"b":{"0":[1,3],"1":[1,4],"2":[1,3]}}
,"/home/dbartlett/projects/GlitchyLabs/Elite Dangerous/EDDC/src/discordClient.ts": {"path":"/home/dbartlett/projects/GlitchyLabs/Elite Dangerous/EDDC/src/discordClient.ts","statementMap":{"0":{"start":{"line":1,"column":0},"end":{"line":1,"column":63}},"1":{"start":{"line":12,"column":4},"end":{"line":12,"column":31}},"2":{"start":{"line":13,"column":4},"end":{"line":13,"column":28}},"3":{"start":{"line":15,"column":4},"end":{"line":17,"column":7}},"4":{"start":{"line":16,"column":6},"end":{"line":16,"column":59}},"5":{"start":{"line":19,"column":4},"end":{"line":37,"column":7}},"6":{"start":{"line":20,"column":6},"end":{"line":31,"column":null}},"7":{"start":{"line":21,"column":8},"end":{"line":21,"column":33}},"8":{"start":{"line":22,"column":8},"end":{"line":30,"column":null}},"9":{"start":{"line":24,"column":26},"end":{"line":24,"column":37}},"10":{"start":{"line":25,"column":12},"end":{"line":27,"column":null}},"11":{"start":{"line":26,"column":14},"end":{"line":26,"column":99}},"12":{"start":{"line":28,"column":12},"end":{"line":28,"column":45}},"13":{"start":{"line":32,"column":6},"end":{"line":36,"column":null}},"14":{"start":{"line":33,"column":8},"end":{"line":35,"column":null}},"15":{"start":{"line":34,"column":10},"end":{"line":34,"column":28}},"16":{"start":{"line":39,"column":4},"end":{"line":39,"column":37}},"17":{"start":{"line":43,"column":23},"end":{"line":43,"column":25}},"18":{"start":{"line":44,"column":4},"end":{"line":71,"column":null}},"19":{"start":{"line":46,"column":8},"end":{"line":46,"column":37}},"20":{"start":{"line":47,"column":8},"end":{"line":47,"column":35}},"21":{"start":{"line":48,"column":8},"end":{"line":48,"column":45}},"22":{"start":{"line":49,"column":8},"end":{"line":49,"column":47}},"23":{"start":{"line":50,"column":8},"end":{"line":50,"column":57}},"24":{"start":{"line":51,"column":8},"end":{"line":51,"column":14}},"25":{"start":{"line":54,"column":8},"end":{"line":54,"column":37}},"26":{"start":{"line":55,"column":8},"end":{"line":55,"column":35}},"27":{"start":{"line":56,"column":8},"end":{"line":56,"column":49}},"28":{"start":{"line":57,"column":8},"end":{"line":57,"column":47}},"29":{"start":{"line":58,"column":8},"end":{"line":58,"column":57}},"30":{"start":{"line":59,"column":8},"end":{"line":59,"column":14}},"31":{"start":{"line":62,"column":8},"end":{"line":62,"column":37}},"32":{"start":{"line":63,"column":8},"end":{"line":63,"column":35}},"33":{"start":{"line":64,"column":8},"end":{"line":64,"column":50}},"34":{"start":{"line":65,"column":8},"end":{"line":65,"column":47}},"35":{"start":{"line":66,"column":8},"end":{"line":66,"column":14}},"36":{"start":{"line":69,"column":8},"end":{"line":69,"column":null}},"37":{"start":{"line":73,"column":4},"end":{"line":75,"column":null}},"38":{"start":{"line":74,"column":6},"end":{"line":74,"column":28}},"39":{"start":{"line":7,"column":0},"end":{"line":7,"column":13}}},"fnMap":{"0":{"name":"(anonymous_0)","decl":{"start":{"line":11,"column":2},"end":{"line":11,"column":15}},"loc":{"start":{"line":11,"column":39},"end":{"line":40,"column":3}}},"1":{"name":"(anonymous_1)","decl":{"start":{"line":15,"column":28},"end":{"line":15,"column":31}},"loc":{"start":{"line":15,"column":33},"end":{"line":17,"column":5}}},"2":{"name":"(anonymous_2)","decl":{"start":{"line":19,"column":30},"end":{"line":19,"column":35}},"loc":{"start":{"line":19,"column":42},"end":{"line":37,"column":5}}},"3":{"name":"(anonymous_3)","decl":{"start":{"line":42,"column":2},"end":{"line":42,"column":11}},"loc":{"start":{"line":42,"column":16},"end":{"line":76,"column":3}}},"4":{"name":"(anonymous_4)","decl":{"start":{"line":73,"column":31},"end":{"line":73,"column":32}},"loc":{"start":{"line":73,"column":43},"end":{"line":75,"column":5}}}},"branchMap":{"0":{"loc":{"start":{"line":20,"column":6},"end":{"line":31,"column":null}},"type":"if","locations":[{"start":{"line":20,"column":6},"end":{"line":31,"column":null}},{"start":{"line":20,"column":6},"end":{"line":31,"column":null}}]},"1":{"loc":{"start":{"line":23,"column":10},"end":{"line":29,"column":null}},"type":"switch","locations":[{"start":{"line":23,"column":10},"end":{"line":29,"column":null}}]},"2":{"loc":{"start":{"line":25,"column":12},"end":{"line":27,"column":null}},"type":"if","locations":[{"start":{"line":25,"column":12},"end":{"line":27,"column":null}},{"start":{"line":25,"column":12},"end":{"line":27,"column":null}}]},"3":{"loc":{"start":{"line":32,"column":6},"end":{"line":36,"column":null}},"type":"if","locations":[{"start":{"line":32,"column":6},"end":{"line":36,"column":null}},{"start":{"line":32,"column":6},"end":{"line":36,"column":null}}]},"4":{"loc":{"start":{"line":33,"column":8},"end":{"line":35,"column":null}},"type":"if","locations":[{"start":{"line":33,"column":8},"end":{"line":35,"column":null}},{"start":{"line":33,"column":8},"end":{"line":35,"column":null}}]},"5":{"loc":{"start":{"line":45,"column":6},"end":{"line":52,"column":null}},"type":"switch","locations":[{"start":{"line":45,"column":6},"end":{"line":52,"column":null}},{"start":{"line":53,"column":6},"end":{"line":60,"column":null}},{"start":{"line":61,"column":6},"end":{"line":67,"column":null}},{"start":{"line":68,"column":6},"end":{"line":70,"column":null}}]}},"s":{"0":0,"1":0,"2":0,"3":0,"4":0,"5":0,"6":0,"7":0,"8":0,"9":0,"10":0,"11":0,"12":0,"13":0,"14":0,"15":0,"16":0,"17":0,"18":0,"19":0,"20":0,"21":0,"22":0,"23":0,"24":0,"25":0,"26":0,"27":0,"28":0,"29":0,"30":0,"31":0,"32":0,"33":0,"34":0,"35":0,"36":0,"37":0,"38":0,"39":0},"f":{"0":0,"1":0,"2":0,"3":0,"4":0},"b":{"0":[0,0],"1":[0],"2":[0,0],"3":[0,0],"4":[0,0],"5":[0,0,0,0]}}
,"/home/dbartlett/projects/GlitchyLabs/Elite Dangerous/EDDC/src/index.ts": {"path":"/home/dbartlett/projects/GlitchyLabs/Elite Dangerous/EDDC/src/index.ts","statementMap":{"0":{"start":{"line":1,"column":0},"end":{"line":1,"column":67}},"1":{"start":{"line":2,"column":0},"end":{"line":2,"column":48}},"2":{"start":{"line":3,"column":0},"end":{"line":3,"column":40}},"3":{"start":{"line":5,"column":16},"end":{"line":7,"column":2}},"4":{"start":{"line":9,"column":43},"end":{"line":11,"column":null}},"5":{"start":{"line":13,"column":15},"end":{"line":13,"column":46}},"6":{"start":{"line":14,"column":18},"end":{"line":14,"column":33}},"7":{"start":{"line":15,"column":0},"end":{"line":36,"column":3}},"8":{"start":{"line":16,"column":2},"end":{"line":35,"column":null}},"9":{"start":{"line":18,"column":6},"end":{"line":18,"column":47}},"10":{"start":{"line":19,"column":6},"end":{"line":19,"column":49}},"11":{"start":{"line":20,"column":6},"end":{"line":20,"column":12}},"12":{"start":{"line":23,"column":6},"end":{"line":23,"column":47}},"13":{"start":{"line":24,"column":6},"end":{"line":24,"column":24}},"14":{"start":{"line":25,"column":6},"end":{"line":25,"column":30}},"15":{"start":{"line":26,"column":6},"end":{"line":26,"column":12}},"16":{"start":{"line":30,"column":6},"end":{"line":30,"column":48}},"17":{"start":{"line":31,"column":6},"end":{"line":31,"column":24}},"18":{"start":{"line":32,"column":6},"end":{"line":32,"column":30}},"19":{"start":{"line":33,"column":6},"end":{"line":33,"column":12}}},"fnMap":{"0":{"name":"(anonymous_0)","decl":{"start":{"line":15,"column":19},"end":{"line":15,"column":20}},"loc":{"start":{"line":15,"column":28},"end":{"line":36,"column":1}}}},"branchMap":{"0":{"loc":{"start":{"line":17,"column":4},"end":{"line":21,"column":null}},"type":"switch","locations":[{"start":{"line":17,"column":4},"end":{"line":21,"column":null}},{"start":{"line":22,"column":4},"end":{"line":27,"column":null}},{"start":{"line":28,"column":4},"end":{"line":28,"column":30}},{"start":{"line":29,"column":4},"end":{"line":34,"column":null}}]}},"s":{"0":0,"1":0,"2":0,"3":0,"4":0,"5":0,"6":0,"7":0,"8":0,"9":0,"10":0,"11":0,"12":0,"13":0,"14":0,"15":0,"16":0,"17":0,"18":0,"19":0},"f":{"0":0},"b":{"0":[0,0,0,0]}}
,"/home/dbartlett/projects/GlitchyLabs/Elite Dangerous/EDDC/src/socketClientModel.ts": {"path":"/home/dbartlett/projects/GlitchyLabs/Elite Dangerous/EDDC/src/socketClientModel.ts","statementMap":{"0":{"start":{"line":1,"column":0},"end":{"line":1,"column":38}},"1":{"start":{"line":4,"column":0},"end":{"line":4,"column":46}},"2":{"start":{"line":5,"column":0},"end":{"line":5,"column":36}},"3":{"start":{"line":18,"column":4},"end":{"line":18,"column":12}},"4":{"start":{"line":19,"column":4},"end":{"line":19,"column":25}},"5":{"start":{"line":20,"column":4},"end":{"line":20,"column":25}},"6":{"start":{"line":21,"column":4},"end":{"line":21,"column":60}},"7":{"start":{"line":22,"column":4},"end":{"line":22,"column":31}},"8":{"start":{"line":23,"column":4},"end":{"line":23,"column":49}},"9":{"start":{"line":26,"column":4},"end":{"line":57,"column":null}},"10":{"start":{"line":27,"column":22},"end":{"line":27,"column":38}},"11":{"start":{"line":28,"column":6},"end":{"line":28,"column":27}},"12":{"start":{"line":29,"column":6},"end":{"line":29,"column":80}},"13":{"start":{"line":29,"column":46},"end":{"line":29,"column":80}},"14":{"start":{"line":30,"column":6},"end":{"line":30,"column":85}},"15":{"start":{"line":30,"column":31},"end":{"line":30,"column":85}},"16":{"start":{"line":31,"column":6},"end":{"line":43,"column":null}},"17":{"start":{"line":33,"column":10},"end":{"line":33,"column":57}},"18":{"start":{"line":34,"column":10},"end":{"line":34,"column":16}},"19":{"start":{"line":38,"column":10},"end":{"line":38,"column":16}},"20":{"start":{"line":41,"column":10},"end":{"line":41,"column":62}},"21":{"start":{"line":44,"column":6},"end":{"line":50,"column":null}},"22":{"start":{"line":45,"column":27},"end":{"line":45,"column":54}},"23":{"start":{"line":46,"column":8},"end":{"line":46,"column":39}},"24":{"start":{"line":48,"column":8},"end":{"line":48,"column":38}},"25":{"start":{"line":49,"column":8},"end":{"line":49,"column":29}},"26":{"start":{"line":52,"column":6},"end":{"line":56,"column":null}},"27":{"start":{"line":53,"column":8},"end":{"line":53,"column":28}},"28":{"start":{"line":55,"column":8},"end":{"line":55,"column":51}},"29":{"start":{"line":60,"column":4},"end":{"line":60,"column":43}},"30":{"start":{"line":63,"column":4},"end":{"line":65,"column":null}},"31":{"start":{"line":64,"column":6},"end":{"line":64,"column":57}},"32":{"start":{"line":66,"column":4},"end":{"line":66,"column":28}},"33":{"start":{"line":69,"column":4},"end":{"line":75,"column":null}},"34":{"start":{"line":70,"column":6},"end":{"line":70,"column":32}},"35":{"start":{"line":71,"column":6},"end":{"line":71,"column":35}},"36":{"start":{"line":72,"column":6},"end":{"line":72,"column":51}},"37":{"start":{"line":74,"column":6},"end":{"line":74,"column":65}},"38":{"start":{"line":11,"column":0},"end":{"line":11,"column":13}}},"fnMap":{"0":{"name":"(anonymous_1)","decl":{"start":{"line":17,"column":2},"end":{"line":17,"column":14}},"loc":{"start":{"line":17,"column":61},"end":{"line":24,"column":3}}},"1":{"name":"(anonymous_2)","decl":{"start":{"line":25,"column":2},"end":{"line":25,"column":14}},"loc":{"start":{"line":25,"column":24},"end":{"line":58,"column":3}}},"2":{"name":"(anonymous_3)","decl":{"start":{"line":59,"column":2},"end":{"line":59,"column":6}},"loc":{"start":{"line":59,"column":16},"end":{"line":61,"column":3}}},"3":{"name":"(anonymous_4)","decl":{"start":{"line":62,"column":2},"end":{"line":62,"column":11}},"loc":{"start":{"line":62,"column":23},"end":{"line":67,"column":3}}},"4":{"name":"(anonymous_5)","decl":{"start":{"line":68,"column":2},"end":{"line":68,"column":7}},"loc":{"start":{"line":68,"column":88},"end":{"line":76,"column":3}}}},"branchMap":{"0":{"loc":{"start":{"line":29,"column":6},"end":{"line":29,"column":80}},"type":"if","locations":[{"start":{"line":29,"column":6},"end":{"line":29,"column":80}},{"start":{"line":29,"column":6},"end":{"line":29,"column":80}}]},"1":{"loc":{"start":{"line":30,"column":6},"end":{"line":30,"column":85}},"type":"if","locations":[{"start":{"line":30,"column":6},"end":{"line":30,"column":85}},{"start":{"line":30,"column":6},"end":{"line":30,"column":85}}]},"2":{"loc":{"start":{"line":32,"column":8},"end":{"line":35,"column":null}},"type":"switch","locations":[{"start":{"line":32,"column":8},"end":{"line":35,"column":null}},{"start":{"line":36,"column":8},"end":{"line":36,"column":30}},{"start":{"line":37,"column":8},"end":{"line":39,"column":null}},{"start":{"line":40,"column":8},"end":{"line":42,"column":null}}]},"3":{"loc":{"start":{"line":52,"column":6},"end":{"line":56,"column":null}},"type":"if","locations":[{"start":{"line":52,"column":6},"end":{"line":56,"column":null}},{"start":{"line":52,"column":6},"end":{"line":56,"column":null}}]},"4":{"loc":{"start":{"line":63,"column":4},"end":{"line":65,"column":null}},"type":"if","locations":[{"start":{"line":63,"column":4},"end":{"line":65,"column":null}},{"start":{"line":63,"column":4},"end":{"line":65,"column":null}}]},"5":{"loc":{"start":{"line":69,"column":4},"end":{"line":75,"column":null}},"type":"if","locations":[{"start":{"line":69,"column":4},"end":{"line":75,"column":null}},{"start":{"line":69,"column":4},"end":{"line":75,"column":null}}]}},"s":{"0":0,"1":0,"2":0,"3":0,"4":0,"5":0,"6":0,"7":0,"8":0,"9":0,"10":0,"11":0,"12":0,"13":0,"14":0,"15":0,"16":0,"17":0,"18":0,"19":0,"20":0,"21":0,"22":0,"23":0,"24":0,"25":0,"26":0,"27":0,"28":0,"29":0,"30":0,"31":0,"32":0,"33":0,"34":0,"35":0,"36":0,"37":0,"38":0},"f":{"0":0,"1":0,"2":0,"3":0,"4":0},"b":{"0":[0,0],"1":[0,0],"2":[0,0,0,0],"3":[0,0],"4":[0,0],"5":[0,0]}}
,"/home/dbartlett/projects/GlitchyLabs/Elite Dangerous/EDDC/src/socketServer.ts": {"path":"/home/dbartlett/projects/GlitchyLabs/Elite Dangerous/EDDC/src/socketServer.ts","statementMap":{"0":{"start":{"line":1,"column":0},"end":{"line":1,"column":38}},"1":{"start":{"line":2,"column":0},"end":{"line":2,"column":28}},"2":{"start":{"line":3,"column":0},"end":{"line":3,"column":70}},"3":{"start":{"line":4,"column":0},"end":{"line":4,"column":36}},"4":{"start":{"line":17,"column":4},"end":{"line":17,"column":12}},"5":{"start":{"line":12,"column":2},"end":{"line":12,"column":36}},"6":{"start":{"line":46,"column":2},"end":{"line":55,"column":null}},"7":{"start":{"line":47,"column":4},"end":{"line":54,"column":7}},"8":{"start":{"line":48,"column":6},"end":{"line":51,"column":null}},"9":{"start":{"line":49,"column":8},"end":{"line":49,"column":38}},"10":{"start":{"line":50,"column":8},"end":{"line":50,"column":34}},"11":{"start":{"line":52,"column":6},"end":{"line":52,"column":27}},"12":{"start":{"line":53,"column":6},"end":{"line":53,"column":27}},"13":{"start":{"line":18,"column":4},"end":{"line":20,"column":7}},"14":{"start":{"line":22,"column":4},"end":{"line":39,"column":7}},"15":{"start":{"line":23,"column":6},"end":{"line":23,"column":36}},"16":{"start":{"line":24,"column":21},"end":{"line":24,"column":55}},"17":{"start":{"line":25,"column":6},"end":{"line":25,"column":26}},"18":{"start":{"line":26,"column":6},"end":{"line":26,"column":32}},"19":{"start":{"line":27,"column":6},"end":{"line":29,"column":9}},"20":{"start":{"line":28,"column":8},"end":{"line":28,"column":61}},"21":{"start":{"line":30,"column":6},"end":{"line":35,"column":9}},"22":{"start":{"line":31,"column":8},"end":{"line":33,"column":null}},"23":{"start":{"line":32,"column":10},"end":{"line":32,"column":29}},"24":{"start":{"line":34,"column":8},"end":{"line":34,"column":37}},"25":{"start":{"line":36,"column":6},"end":{"line":38,"column":9}},"26":{"start":{"line":37,"column":8},"end":{"line":37,"column":28}},"27":{"start":{"line":41,"column":4},"end":{"line":43,"column":null}},"28":{"start":{"line":42,"column":6},"end":{"line":42,"column":36}},"29":{"start":{"line":11,"column":0},"end":{"line":11,"column":13}}},"fnMap":{"0":{"name":"(anonymous_1)","decl":{"start":{"line":16,"column":2},"end":{"line":16,"column":14}},"loc":{"start":{"line":16,"column":43},"end":{"line":44,"column":3}}},"1":{"name":"(anonymous_2)","decl":{"start":{"line":46,"column":26},"end":{"line":46,"column":29}},"loc":{"start":{"line":46,"column":31},"end":{"line":55,"column":3}}},"2":{"name":"(anonymous_3)","decl":{"start":{"line":47,"column":25},"end":{"line":47,"column":26}},"loc":{"start":{"line":47,"column":43},"end":{"line":54,"column":5}}},"3":{"name":"(anonymous_4)","decl":{"start":{"line":22,"column":33},"end":{"line":22,"column":34}},"loc":{"start":{"line":22,"column":67},"end":{"line":39,"column":5}}},"4":{"name":"(anonymous_5)","decl":{"start":{"line":27,"column":29},"end":{"line":27,"column":32}},"loc":{"start":{"line":27,"column":34},"end":{"line":29,"column":7}}},"5":{"name":"(anonymous_6)","decl":{"start":{"line":30,"column":29},"end":{"line":30,"column":30}},"loc":{"start":{"line":30,"column":42},"end":{"line":35,"column":7}}},"6":{"name":"(anonymous_7)","decl":{"start":{"line":36,"column":28},"end":{"line":36,"column":31}},"loc":{"start":{"line":36,"column":33},"end":{"line":38,"column":7}}},"7":{"name":"(anonymous_8)","decl":{"start":{"line":41,"column":28},"end":{"line":41,"column":31}},"loc":{"start":{"line":41,"column":33},"end":{"line":43,"column":5}}}},"branchMap":{"0":{"loc":{"start":{"line":48,"column":6},"end":{"line":51,"column":null}},"type":"if","locations":[{"start":{"line":48,"column":6},"end":{"line":51,"column":null}},{"start":{"line":48,"column":6},"end":{"line":51,"column":null}}]},"1":{"loc":{"start":{"line":19,"column":12},"end":{"line":19,"column":25}},"type":"binary-expr","locations":[{"start":{"line":19,"column":12},"end":{"line":19,"column":25}},{"start":{"line":19,"column":29},"end":{"line":19,"column":34}}]},"2":{"loc":{"start":{"line":19,"column":19},"end":{"line":19,"column":21}},"type":"cond-expr","locations":[{"start":{"line":19,"column":19},"end":{"line":19,"column":21}},{"start":{"line":19,"column":12},"end":{"line":19,"column":25}}]},"3":{"loc":{"start":{"line":19,"column":12},"end":{"line":19,"column":21}},"type":"binary-expr","locations":[{"start":{"line":19,"column":12},"end":{"line":19,"column":21}},{"start":{"line":19,"column":12},"end":{"line":19,"column":21}}]},"4":{"loc":{"start":{"line":31,"column":8},"end":{"line":33,"column":null}},"type":"if","locations":[{"start":{"line":31,"column":8},"end":{"line":33,"column":null}},{"start":{"line":31,"column":8},"end":{"line":33,"column":null}}]}},"s":{"0":0,"1":0,"2":0,"3":0,"4":0,"5":0,"6":0,"7":0,"8":0,"9":0,"10":0,"11":0,"12":0,"13":0,"14":0,"15":0,"16":0,"17":0,"18":0,"19":0,"20":0,"21":0,"22":0,"23":0,"24":0,"25":0,"26":0,"27":0,"28":0,"29":0},"f":{"0":0,"1":0,"2":0,"3":0,"4":0,"5":0,"6":0,"7":0},"b":{"0":[0,0],"1":[0,0],"2":[0,0],"3":[0,0],"4":[0,0]}}
,"/home/dbartlett/projects/GlitchyLabs/Elite Dangerous/EDDC/src/utils/auth.ts": {"path":"/home/dbartlett/projects/GlitchyLabs/Elite Dangerous/EDDC/src/utils/auth.ts","statementMap":{"0":{"start":{"line":1,"column":0},"end":{"line":1,"column":28}},"1":{"start":{"line":2,"column":0},"end":{"line":2,"column":41}},"2":{"start":{"line":4,"column":15},"end":{"line":4,"column":17}},"3":{"start":{"line":5,"column":14},"end":{"line":5,"column":29}},"4":{"start":{"line":9,"column":4},"end":{"line":11,"column":null}},"5":{"start":{"line":10,"column":6},"end":{"line":10,"column":78}},"6":{"start":{"line":12,"column":4},"end":{"line":14,"column":7}},"7":{"start":{"line":13,"column":6},"end":{"line":13,"column":32}},"8":{"start":{"line":17,"column":4},"end":{"line":17,"column":24}},"9":{"start":{"line":20,"column":4},"end":{"line":25,"column":null}},"10":{"start":{"line":21,"column":19},"end":{"line":21,"column":38}},"11":{"start":{"line":22,"column":6},"end":{"line":22,"column":61}},"12":{"start":{"line":24,"column":6},"end":{"line":24,"column":90}},"13":{"start":{"line":24,"column":73},"end":{"line":24,"column":86}},"14":{"start":{"line":7,"column":0},"end":{"line":7,"column":13}}},"fnMap":{"0":{"name":"(anonymous_1)","decl":{"start":{"line":8,"column":2},"end":{"line":8,"column":8}},"loc":{"start":{"line":8,"column":60},"end":{"line":15,"column":3}}},"1":{"name":"(anonymous_2)","decl":{"start":{"line":12,"column":63},"end":{"line":12,"column":64}},"loc":{"start":{"line":12,"column":72},"end":{"line":14,"column":5}}},"2":{"name":"(anonymous_3)","decl":{"start":{"line":16,"column":2},"end":{"line":16,"column":8}},"loc":{"start":{"line":16,"column":20},"end":{"line":18,"column":3}}},"3":{"name":"(anonymous_4)","decl":{"start":{"line":19,"column":2},"end":{"line":19,"column":8}},"loc":{"start":{"line":19,"column":58},"end":{"line":26,"column":3}}},"4":{"name":"(anonymous_5)","decl":{"start":{"line":24,"column":65},"end":{"line":24,"column":68}},"loc":{"start":{"line":24,"column":70},"end":{"line":24,"column":88}}}},"branchMap":{"0":{"loc":{"start":{"line":9,"column":4},"end":{"line":11,"column":null}},"type":"if","locations":[{"start":{"line":9,"column":4},"end":{"line":11,"column":null}},{"start":{"line":9,"column":4},"end":{"line":11,"column":null}}]},"1":{"loc":{"start":{"line":9,"column":8},"end":{"line":9,"column":17}},"type":"binary-expr","locations":[{"start":{"line":9,"column":8},"end":{"line":9,"column":17}},{"start":{"line":9,"column":21},"end":{"line":9,"column":30}}]},"2":{"loc":{"start":{"line":20,"column":4},"end":{"line":25,"column":null}},"type":"if","locations":[{"start":{"line":20,"column":4},"end":{"line":25,"column":null}},{"start":{"line":20,"column":4},"end":{"line":25,"column":null}}]}},"s":{"0":1,"1":1,"2":1,"3":1,"4":4,"5":2,"6":2,"7":2,"8":2,"9":3,"10":2,"11":2,"12":1,"13":1,"14":1},"f":{"0":4,"1":2,"2":2,"3":3,"4":1},"b":{"0":[2,2],"1":[4,3],"2":[2,1]}}
,"/home/dbartlett/projects/GlitchyLabs/Elite Dangerous/EDDC/src/utils/logger.ts": {"path":"/home/dbartlett/projects/GlitchyLabs/Elite Dangerous/EDDC/src/utils/logger.ts","statementMap":{"0":{"start":{"line":1,"column":0},"end":{"line":1,"column":59}},"1":{"start":{"line":3,"column":15},"end":{"line":3,"column":29}},"2":{"start":{"line":5,"column":22},"end":{"line":9,"column":null}},"3":{"start":{"line":9,"column":26},"end":{"line":9,"column":77}},"4":{"start":{"line":12,"column":0},"end":{"line":22,"column":null}},"5":{"start":{"line":13,"column":4},"end":{"line":16,"column":8}},"6":{"start":{"line":18,"column":4},"end":{"line":21,"column":8}},"7":{"start":{"line":24,"column":0},"end":{"line":24,"column":22}}},"fnMap":{"0":{"name":"(anonymous_0)","decl":{"start":{"line":9,"column":18},"end":{"line":9,"column":22}},"loc":{"start":{"line":9,"column":26},"end":{"line":9,"column":77}}}},"branchMap":{"0":{"loc":{"start":{"line":12,"column":0},"end":{"line":22,"column":null}},"type":"if","locations":[{"start":{"line":12,"column":0},"end":{"line":22,"column":null}},{"start":{"line":12,"column":0},"end":{"line":22,"column":null}}]},"1":{"loc":{"start":{"line":14,"column":15},"end":{"line":14,"column":36}},"type":"binary-expr","locations":[{"start":{"line":14,"column":15},"end":{"line":14,"column":36}},{"start":{"line":14,"column":40},"end":{"line":14,"column":47}}]}},"s":{"0":4,"1":4,"2":4,"3":1,"4":4,"5":2,"6":2,"7":4},"f":{"0":1},"b":{"0":[2,2],"1":[2,1]}}
}
